<?xml version="1.0" encoding="UTF-8"?>
<testsuite name="com.roy.example.EchoHandlerTest" tests="1" skipped="0" failures="0" errors="0" timestamp="2021-07-10T15:06:00" hostname="sroy.local" time="0.749">
  <properties/>
  <testcase name="shouldEchoMessageParameterSentInRequest()" classname="com.roy.example.EchoHandlerTest" time="0.749"/>
  <system-out><![CDATA[20:35:53.826 [Test worker] DEBUG org.springframework.test.context.BootstrapUtils - Instantiating CacheAwareContextLoaderDelegate from class [org.springframework.test.context.cache.DefaultCacheAwareContextLoaderDelegate]
20:35:53.836 [Test worker] DEBUG org.springframework.test.context.BootstrapUtils - Instantiating BootstrapContext using constructor [public org.springframework.test.context.support.DefaultBootstrapContext(java.lang.Class,org.springframework.test.context.CacheAwareContextLoaderDelegate)]
20:35:53.864 [Test worker] DEBUG org.springframework.test.context.BootstrapUtils - Instantiating TestContextBootstrapper for test class [com.roy.example.EchoHandlerTest] from class [org.springframework.boot.test.context.SpringBootTestContextBootstrapper]
20:35:53.872 [Test worker] INFO org.springframework.boot.test.context.SpringBootTestContextBootstrapper - Neither @ContextConfiguration nor @ContextHierarchy found for test class [com.roy.example.EchoHandlerTest], using SpringBootContextLoader
20:35:53.876 [Test worker] DEBUG org.springframework.test.context.support.AbstractContextLoader - Did not detect default resource location for test class [com.roy.example.EchoHandlerTest]: class path resource [com/roy/example/EchoHandlerTest-context.xml] does not exist
20:35:53.876 [Test worker] DEBUG org.springframework.test.context.support.AbstractContextLoader - Did not detect default resource location for test class [com.roy.example.EchoHandlerTest]: class path resource [com/roy/example/EchoHandlerTestContext.groovy] does not exist
20:35:53.876 [Test worker] INFO org.springframework.test.context.support.AbstractContextLoader - Could not detect default resource locations for test class [com.roy.example.EchoHandlerTest]: no resource found for suffixes {-context.xml, Context.groovy}.
20:35:53.877 [Test worker] INFO org.springframework.test.context.support.AnnotationConfigContextLoaderUtils - Could not detect default configuration classes for test class [com.roy.example.EchoHandlerTest]: EchoHandlerTest does not declare any static, non-private, non-final, nested classes annotated with @Configuration.
20:35:53.909 [Test worker] DEBUG org.springframework.test.context.support.ActiveProfilesUtils - Could not find an 'annotation declaring class' for annotation type [org.springframework.test.context.ActiveProfiles] and class [com.roy.example.EchoHandlerTest]
20:35:53.958 [Test worker] DEBUG org.springframework.context.annotation.ClassPathScanningCandidateComponentProvider - Identified candidate component class: file [/Users/subhrajitroy/Projects/java/spring-graphql/build/classes/java/main/com/roy/example/App.class]
20:35:53.962 [Test worker] INFO org.springframework.boot.test.context.SpringBootTestContextBootstrapper - Found @SpringBootConfiguration com.roy.example.App for test class com.roy.example.EchoHandlerTest
20:35:54.042 [Test worker] DEBUG org.springframework.boot.test.context.SpringBootTestContextBootstrapper - @TestExecutionListeners is not present for class [com.roy.example.EchoHandlerTest]: using defaults.
20:35:54.042 [Test worker] INFO org.springframework.boot.test.context.SpringBootTestContextBootstrapper - Loaded default TestExecutionListener class names from location [META-INF/spring.factories]: [org.springframework.boot.test.autoconfigure.restdocs.RestDocsTestExecutionListener, org.springframework.boot.test.autoconfigure.web.client.MockRestServiceServerResetTestExecutionListener, org.springframework.boot.test.autoconfigure.web.servlet.MockMvcPrintOnlyOnFailureTestExecutionListener, org.springframework.boot.test.autoconfigure.web.servlet.WebDriverTestExecutionListener, org.springframework.boot.test.autoconfigure.webservices.client.MockWebServiceServerTestExecutionListener, org.springframework.boot.test.mock.mockito.MockitoTestExecutionListener, org.springframework.boot.test.mock.mockito.ResetMocksTestExecutionListener, org.springframework.test.context.web.ServletTestExecutionListener, org.springframework.test.context.support.DirtiesContextBeforeModesTestExecutionListener, org.springframework.test.context.event.ApplicationEventsTestExecutionListener, org.springframework.test.context.support.DependencyInjectionTestExecutionListener, org.springframework.test.context.support.DirtiesContextTestExecutionListener, org.springframework.test.context.transaction.TransactionalTestExecutionListener, org.springframework.test.context.jdbc.SqlScriptsTestExecutionListener, org.springframework.test.context.event.EventPublishingTestExecutionListener]
20:35:54.048 [Test worker] DEBUG org.springframework.boot.test.context.SpringBootTestContextBootstrapper - Skipping candidate TestExecutionListener [org.springframework.test.context.web.ServletTestExecutionListener] due to a missing dependency. Specify custom listener classes or make the default listener classes and their required dependencies available. Offending class: [javax/servlet/ServletContext]
20:35:54.050 [Test worker] DEBUG org.springframework.boot.test.context.SpringBootTestContextBootstrapper - Skipping candidate TestExecutionListener [org.springframework.test.context.transaction.TransactionalTestExecutionListener] due to a missing dependency. Specify custom listener classes or make the default listener classes and their required dependencies available. Offending class: [org/springframework/transaction/TransactionDefinition]
20:35:54.051 [Test worker] DEBUG org.springframework.boot.test.context.SpringBootTestContextBootstrapper - Skipping candidate TestExecutionListener [org.springframework.test.context.jdbc.SqlScriptsTestExecutionListener] due to a missing dependency. Specify custom listener classes or make the default listener classes and their required dependencies available. Offending class: [org/springframework/transaction/interceptor/TransactionAttribute]
20:35:54.051 [Test worker] INFO org.springframework.boot.test.context.SpringBootTestContextBootstrapper - Using TestExecutionListeners: [org.springframework.test.context.support.DirtiesContextBeforeModesTestExecutionListener@79af3549, org.springframework.test.context.event.ApplicationEventsTestExecutionListener@77fc0df3, org.springframework.boot.test.mock.mockito.MockitoTestExecutionListener@61908452, org.springframework.boot.test.autoconfigure.SpringBootDependencyInjectionTestExecutionListener@52b6b097, org.springframework.test.context.support.DirtiesContextTestExecutionListener@52b3d2f5, org.springframework.test.context.event.EventPublishingTestExecutionListener@4537cec5, org.springframework.boot.test.autoconfigure.restdocs.RestDocsTestExecutionListener@20607025, org.springframework.boot.test.autoconfigure.web.client.MockRestServiceServerResetTestExecutionListener@47354eb6, org.springframework.boot.test.autoconfigure.web.servlet.MockMvcPrintOnlyOnFailureTestExecutionListener@b5d18df, org.springframework.boot.test.autoconfigure.web.servlet.WebDriverTestExecutionListener@7067be97, org.springframework.boot.test.autoconfigure.webservices.client.MockWebServiceServerTestExecutionListener@53a509e6, org.springframework.boot.test.mock.mockito.ResetMocksTestExecutionListener@3e08bdda]
20:35:54.054 [Test worker] DEBUG org.springframework.test.context.support.AbstractDirtiesContextTestExecutionListener - Before test class: context [DefaultTestContext@fea3b9d testClass = EchoHandlerTest, testInstance = [null], testMethod = [null], testException = [null], mergedContextConfiguration = [ReactiveWebMergedContextConfiguration@64ccf3d1 testClass = EchoHandlerTest, locations = '{}', classes = '{class com.roy.example.App}', contextInitializerClasses = '[]', activeProfiles = '{}', propertySourceLocations = '{}', propertySourceProperties = '{org.springframework.boot.test.context.SpringBootTestContextBootstrapper=true, server.port=0}', contextCustomizers = set[org.springframework.boot.test.autoconfigure.actuate.metrics.MetricsExportContextCustomizerFactory$DisableMetricExportContextCustomizer@3a818340, org.springframework.boot.test.autoconfigure.properties.PropertyMappingContextCustomizer@0, org.springframework.boot.test.autoconfigure.web.servlet.WebDriverContextCustomizerFactory$Customizer@2362edcc, org.springframework.boot.test.context.filter.ExcludeFilterContextCustomizer@1eec3fc4, org.springframework.boot.test.json.DuplicateJsonObjectContextCustomizerFactory$DuplicateJsonObjectContextCustomizer@52e25701, org.springframework.boot.test.mock.mockito.MockitoContextCustomizer@0, org.springframework.boot.test.web.client.TestRestTemplateContextCustomizer@2dc875a9, org.springframework.boot.test.web.reactive.server.WebTestClientContextCustomizer@6459b6f4, org.springframework.boot.test.context.SpringBootTestArgs@1, org.springframework.boot.test.context.SpringBootTestWebEnvironment@314aa0d7], contextLoader = 'org.springframework.boot.test.context.SpringBootContextLoader', parent = [null]], attributes = map['org.springframework.test.context.web.ServletTestExecutionListener.activateListener' -> false]], class annotated with @DirtiesContext [false] with mode [null].
20:35:54.067 [Test worker] DEBUG org.springframework.test.context.support.DependencyInjectionTestExecutionListener - Performing dependency injection for test context [[DefaultTestContext@fea3b9d testClass = EchoHandlerTest, testInstance = com.roy.example.EchoHandlerTest@738cdb67, testMethod = [null], testException = [null], mergedContextConfiguration = [ReactiveWebMergedContextConfiguration@64ccf3d1 testClass = EchoHandlerTest, locations = '{}', classes = '{class com.roy.example.App}', contextInitializerClasses = '[]', activeProfiles = '{}', propertySourceLocations = '{}', propertySourceProperties = '{org.springframework.boot.test.context.SpringBootTestContextBootstrapper=true, server.port=0}', contextCustomizers = set[org.springframework.boot.test.autoconfigure.actuate.metrics.MetricsExportContextCustomizerFactory$DisableMetricExportContextCustomizer@3a818340, org.springframework.boot.test.autoconfigure.properties.PropertyMappingContextCustomizer@0, org.springframework.boot.test.autoconfigure.web.servlet.WebDriverContextCustomizerFactory$Customizer@2362edcc, org.springframework.boot.test.context.filter.ExcludeFilterContextCustomizer@1eec3fc4, org.springframework.boot.test.json.DuplicateJsonObjectContextCustomizerFactory$DuplicateJsonObjectContextCustomizer@52e25701, org.springframework.boot.test.mock.mockito.MockitoContextCustomizer@0, org.springframework.boot.test.web.client.TestRestTemplateContextCustomizer@2dc875a9, org.springframework.boot.test.web.reactive.server.WebTestClientContextCustomizer@6459b6f4, org.springframework.boot.test.context.SpringBootTestArgs@1, org.springframework.boot.test.context.SpringBootTestWebEnvironment@314aa0d7], contextLoader = 'org.springframework.boot.test.context.SpringBootContextLoader', parent = [null]], attributes = map['org.springframework.test.context.web.ServletTestExecutionListener.activateListener' -> false, 'org.springframework.test.context.event.ApplicationEventsTestExecutionListener.recordApplicationEvents' -> false]]].
20:35:54.087 [Test worker] DEBUG org.springframework.test.context.support.TestPropertySourceUtils - Adding inlined properties to environment: {spring.jmx.enabled=false, org.springframework.boot.test.context.SpringBootTestContextBootstrapper=true, server.port=0}

  .   ____          _            __ _ _
 /\\ / ___'_ __ _ _(_)_ __  __ _ \ \ \ \
( ( )\___ | '_ | '_| | '_ \/ _` | \ \ \ \
 \\/  ___)| |_)| | | | | || (_| |  ) ) ) )
  '  |____| .__|_| |_|_| |_\__, | / / / /
 =========|_|==============|___/=/_/_/_/
 :: Spring Boot ::                (v2.4.3)

2021-07-10 20:35:59.341  INFO 22513 --- [    Test worker] com.roy.example.EchoHandlerTest          : Starting EchoHandlerTest using Java 11.0.10 on sroy.local with PID 22513 (started by subhrajitroy in /Users/subhrajitroy/Projects/java/spring-graphql)
2021-07-10 20:35:59.343  INFO 22513 --- [    Test worker] com.roy.example.EchoHandlerTest          : No active profile set, falling back to default profiles: default
2021-07-10 20:36:00.519  INFO 22513 --- [    Test worker] o.s.b.web.embedded.netty.NettyWebServer  : Netty started on port 56521
2021-07-10 20:36:00.528  INFO 22513 --- [    Test worker] com.roy.example.EchoHandlerTest          : Started EchoHandlerTest in 6.438 seconds (JVM running for 7.427)
]]></system-out>
  <system-err><![CDATA[]]></system-err>
</testsuite>
