<?xml version="1.0" encoding="UTF-8"?>
<testsuite name="com.roy.example.EchoHandlerTest" tests="1" skipped="0" failures="0" errors="0" timestamp="2021-07-10T15:09:33" hostname="sroy.local" time="0.999">
  <properties/>
  <testcase name="shouldEchoMessageParameterSentInRequest()" classname="com.roy.example.EchoHandlerTest" time="0.999"/>
  <system-out><![CDATA[20:39:27.464 [Test worker] DEBUG org.springframework.test.context.BootstrapUtils - Instantiating CacheAwareContextLoaderDelegate from class [org.springframework.test.context.cache.DefaultCacheAwareContextLoaderDelegate]
20:39:27.473 [Test worker] DEBUG org.springframework.test.context.BootstrapUtils - Instantiating BootstrapContext using constructor [public org.springframework.test.context.support.DefaultBootstrapContext(java.lang.Class,org.springframework.test.context.CacheAwareContextLoaderDelegate)]
20:39:27.500 [Test worker] DEBUG org.springframework.test.context.BootstrapUtils - Instantiating TestContextBootstrapper for test class [com.roy.example.EchoHandlerTest] from class [org.springframework.boot.test.context.SpringBootTestContextBootstrapper]
20:39:27.508 [Test worker] INFO org.springframework.boot.test.context.SpringBootTestContextBootstrapper - Neither @ContextConfiguration nor @ContextHierarchy found for test class [com.roy.example.EchoHandlerTest], using SpringBootContextLoader
20:39:27.511 [Test worker] DEBUG org.springframework.test.context.support.AbstractContextLoader - Did not detect default resource location for test class [com.roy.example.EchoHandlerTest]: class path resource [com/roy/example/EchoHandlerTest-context.xml] does not exist
20:39:27.512 [Test worker] DEBUG org.springframework.test.context.support.AbstractContextLoader - Did not detect default resource location for test class [com.roy.example.EchoHandlerTest]: class path resource [com/roy/example/EchoHandlerTestContext.groovy] does not exist
20:39:27.512 [Test worker] INFO org.springframework.test.context.support.AbstractContextLoader - Could not detect default resource locations for test class [com.roy.example.EchoHandlerTest]: no resource found for suffixes {-context.xml, Context.groovy}.
20:39:27.512 [Test worker] INFO org.springframework.test.context.support.AnnotationConfigContextLoaderUtils - Could not detect default configuration classes for test class [com.roy.example.EchoHandlerTest]: EchoHandlerTest does not declare any static, non-private, non-final, nested classes annotated with @Configuration.
20:39:27.539 [Test worker] DEBUG org.springframework.test.context.support.ActiveProfilesUtils - Could not find an 'annotation declaring class' for annotation type [org.springframework.test.context.ActiveProfiles] and class [com.roy.example.EchoHandlerTest]
20:39:27.578 [Test worker] DEBUG org.springframework.context.annotation.ClassPathScanningCandidateComponentProvider - Identified candidate component class: file [/Users/subhrajitroy/Projects/java/spring-graphql/build/classes/java/main/com/roy/example/App.class]
20:39:27.581 [Test worker] INFO org.springframework.boot.test.context.SpringBootTestContextBootstrapper - Found @SpringBootConfiguration com.roy.example.App for test class com.roy.example.EchoHandlerTest
20:39:27.640 [Test worker] DEBUG org.springframework.boot.test.context.SpringBootTestContextBootstrapper - @TestExecutionListeners is not present for class [com.roy.example.EchoHandlerTest]: using defaults.
20:39:27.641 [Test worker] INFO org.springframework.boot.test.context.SpringBootTestContextBootstrapper - Loaded default TestExecutionListener class names from location [META-INF/spring.factories]: [org.springframework.boot.test.autoconfigure.restdocs.RestDocsTestExecutionListener, org.springframework.boot.test.autoconfigure.web.client.MockRestServiceServerResetTestExecutionListener, org.springframework.boot.test.autoconfigure.web.servlet.MockMvcPrintOnlyOnFailureTestExecutionListener, org.springframework.boot.test.autoconfigure.web.servlet.WebDriverTestExecutionListener, org.springframework.boot.test.autoconfigure.webservices.client.MockWebServiceServerTestExecutionListener, org.springframework.boot.test.mock.mockito.MockitoTestExecutionListener, org.springframework.boot.test.mock.mockito.ResetMocksTestExecutionListener, org.springframework.test.context.web.ServletTestExecutionListener, org.springframework.test.context.support.DirtiesContextBeforeModesTestExecutionListener, org.springframework.test.context.event.ApplicationEventsTestExecutionListener, org.springframework.test.context.support.DependencyInjectionTestExecutionListener, org.springframework.test.context.support.DirtiesContextTestExecutionListener, org.springframework.test.context.transaction.TransactionalTestExecutionListener, org.springframework.test.context.jdbc.SqlScriptsTestExecutionListener, org.springframework.test.context.event.EventPublishingTestExecutionListener]
20:39:27.646 [Test worker] DEBUG org.springframework.boot.test.context.SpringBootTestContextBootstrapper - Skipping candidate TestExecutionListener [org.springframework.test.context.web.ServletTestExecutionListener] due to a missing dependency. Specify custom listener classes or make the default listener classes and their required dependencies available. Offending class: [javax/servlet/ServletContext]
20:39:27.647 [Test worker] DEBUG org.springframework.boot.test.context.SpringBootTestContextBootstrapper - Skipping candidate TestExecutionListener [org.springframework.test.context.transaction.TransactionalTestExecutionListener] due to a missing dependency. Specify custom listener classes or make the default listener classes and their required dependencies available. Offending class: [org/springframework/transaction/interceptor/TransactionAttributeSource]
20:39:27.648 [Test worker] DEBUG org.springframework.boot.test.context.SpringBootTestContextBootstrapper - Skipping candidate TestExecutionListener [org.springframework.test.context.jdbc.SqlScriptsTestExecutionListener] due to a missing dependency. Specify custom listener classes or make the default listener classes and their required dependencies available. Offending class: [org/springframework/transaction/interceptor/TransactionAttribute]
20:39:27.648 [Test worker] INFO org.springframework.boot.test.context.SpringBootTestContextBootstrapper - Using TestExecutionListeners: [org.springframework.test.context.support.DirtiesContextBeforeModesTestExecutionListener@47313a67, org.springframework.test.context.event.ApplicationEventsTestExecutionListener@1e6185ff, org.springframework.boot.test.mock.mockito.MockitoTestExecutionListener@44940e7c, org.springframework.boot.test.autoconfigure.SpringBootDependencyInjectionTestExecutionListener@7e4943fc, org.springframework.test.context.support.DirtiesContextTestExecutionListener@30e5bc50, org.springframework.test.context.event.EventPublishingTestExecutionListener@223999ce, org.springframework.boot.test.autoconfigure.restdocs.RestDocsTestExecutionListener@46ba941b, org.springframework.boot.test.autoconfigure.web.client.MockRestServiceServerResetTestExecutionListener@72586993, org.springframework.boot.test.autoconfigure.web.servlet.MockMvcPrintOnlyOnFailureTestExecutionListener@6fc24cb4, org.springframework.boot.test.autoconfigure.web.servlet.WebDriverTestExecutionListener@1db5f6b, org.springframework.boot.test.autoconfigure.webservices.client.MockWebServiceServerTestExecutionListener@13531907, org.springframework.boot.test.mock.mockito.ResetMocksTestExecutionListener@2276fe0f]
20:39:27.651 [Test worker] DEBUG org.springframework.test.context.support.AbstractDirtiesContextTestExecutionListener - Before test class: context [DefaultTestContext@4f12cdc0 testClass = EchoHandlerTest, testInstance = [null], testMethod = [null], testException = [null], mergedContextConfiguration = [ReactiveWebMergedContextConfiguration@313015e5 testClass = EchoHandlerTest, locations = '{}', classes = '{class com.roy.example.App}', contextInitializerClasses = '[]', activeProfiles = '{}', propertySourceLocations = '{}', propertySourceProperties = '{org.springframework.boot.test.context.SpringBootTestContextBootstrapper=true, server.port=0}', contextCustomizers = set[org.springframework.boot.test.autoconfigure.actuate.metrics.MetricsExportContextCustomizerFactory$DisableMetricExportContextCustomizer@2975941f, org.springframework.boot.test.autoconfigure.properties.PropertyMappingContextCustomizer@0, org.springframework.boot.test.autoconfigure.web.servlet.WebDriverContextCustomizerFactory$Customizer@3e21c62c, org.springframework.boot.test.context.filter.ExcludeFilterContextCustomizer@61fb45a1, org.springframework.boot.test.json.DuplicateJsonObjectContextCustomizerFactory$DuplicateJsonObjectContextCustomizer@33fd412d, org.springframework.boot.test.mock.mockito.MockitoContextCustomizer@0, org.springframework.boot.test.web.client.TestRestTemplateContextCustomizer@5c3cecf3, org.springframework.boot.test.web.reactive.server.WebTestClientContextCustomizer@1023ad1c, org.springframework.boot.test.context.SpringBootTestArgs@1, org.springframework.boot.test.context.SpringBootTestWebEnvironment@278c26f7], contextLoader = 'org.springframework.boot.test.context.SpringBootContextLoader', parent = [null]], attributes = map['org.springframework.test.context.web.ServletTestExecutionListener.activateListener' -> false]], class annotated with @DirtiesContext [false] with mode [null].
20:39:27.656 [Test worker] DEBUG org.springframework.test.context.support.DependencyInjectionTestExecutionListener - Performing dependency injection for test context [[DefaultTestContext@4f12cdc0 testClass = EchoHandlerTest, testInstance = com.roy.example.EchoHandlerTest@3ec68e49, testMethod = [null], testException = [null], mergedContextConfiguration = [ReactiveWebMergedContextConfiguration@313015e5 testClass = EchoHandlerTest, locations = '{}', classes = '{class com.roy.example.App}', contextInitializerClasses = '[]', activeProfiles = '{}', propertySourceLocations = '{}', propertySourceProperties = '{org.springframework.boot.test.context.SpringBootTestContextBootstrapper=true, server.port=0}', contextCustomizers = set[org.springframework.boot.test.autoconfigure.actuate.metrics.MetricsExportContextCustomizerFactory$DisableMetricExportContextCustomizer@2975941f, org.springframework.boot.test.autoconfigure.properties.PropertyMappingContextCustomizer@0, org.springframework.boot.test.autoconfigure.web.servlet.WebDriverContextCustomizerFactory$Customizer@3e21c62c, org.springframework.boot.test.context.filter.ExcludeFilterContextCustomizer@61fb45a1, org.springframework.boot.test.json.DuplicateJsonObjectContextCustomizerFactory$DuplicateJsonObjectContextCustomizer@33fd412d, org.springframework.boot.test.mock.mockito.MockitoContextCustomizer@0, org.springframework.boot.test.web.client.TestRestTemplateContextCustomizer@5c3cecf3, org.springframework.boot.test.web.reactive.server.WebTestClientContextCustomizer@1023ad1c, org.springframework.boot.test.context.SpringBootTestArgs@1, org.springframework.boot.test.context.SpringBootTestWebEnvironment@278c26f7], contextLoader = 'org.springframework.boot.test.context.SpringBootContextLoader', parent = [null]], attributes = map['org.springframework.test.context.web.ServletTestExecutionListener.activateListener' -> false, 'org.springframework.test.context.event.ApplicationEventsTestExecutionListener.recordApplicationEvents' -> false]]].
20:39:27.670 [Test worker] DEBUG org.springframework.test.context.support.TestPropertySourceUtils - Adding inlined properties to environment: {spring.jmx.enabled=false, org.springframework.boot.test.context.SpringBootTestContextBootstrapper=true, server.port=0}

  .   ____          _            __ _ _
 /\\ / ___'_ __ _ _(_)_ __  __ _ \ \ \ \
( ( )\___ | '_ | '_| | '_ \/ _` | \ \ \ \
 \\/  ___)| |_)| | | | | || (_| |  ) ) ) )
  '  |____| .__|_| |_|_| |_\__, | / / / /
 =========|_|==============|___/=/_/_/_/
 :: Spring Boot ::                (v2.4.3)

2021-07-10 20:39:32.891  INFO 22642 --- [    Test worker] com.roy.example.EchoHandlerTest          : Starting EchoHandlerTest using Java 15.0.2 on sroy.local with PID 22642 (started by subhrajitroy in /Users/subhrajitroy/Projects/java/spring-graphql)
2021-07-10 20:39:32.893  INFO 22642 --- [    Test worker] com.roy.example.EchoHandlerTest          : No active profile set, falling back to default profiles: default
2021-07-10 20:39:33.818  INFO 22642 --- [    Test worker] o.s.b.web.embedded.netty.NettyWebServer  : Netty started on port 56545
2021-07-10 20:39:33.825  INFO 22642 --- [    Test worker] com.roy.example.EchoHandlerTest          : Started EchoHandlerTest in 6.152 seconds (JVM running for 6.92)
]]></system-out>
  <system-err><![CDATA[]]></system-err>
</testsuite>
